2025-08-05 16:14:12,870 charge_api.main INFO: === 开始新一轮设备查询 === [main.py:95]
2025-08-05 16:14:12,870 charge_api.main INFO: 开始轮询所有设备 [main.py:79]
2025-08-05 16:14:12,870 charge_api.main INFO: 尝试使用 账户1 查询设备 G631085... [main.py:24]
2025-08-05 16:14:12,870 charge_api.requests INFO: 正在向服务器发送请求，查询设备 G631085... [base_request.py:13]
2025-08-05 16:14:12,873 urllib3.connectionpool DEBUG: Starting new HTTPS connection (1): www.washpayer.com:443 [connectionpool.py:1051]
2025-08-05 16:14:13,072 urllib3.connectionpool DEBUG: https://www.washpayer.com:443 "GET /user/message/equipmentPara?logicalCode=G631085&returnUrl=https%3A%2F%2Fwww.washpayer.com%2Fuser%2Findex.html%23%2Fpages%2Fdevice%2FselectPort%3FchargeIndex%3D%26logicalCode%3DG631085&refresh=false HTTP/11" 401 None [connectionpool.py:546]
2025-08-05 16:14:13,072 charge_api.requests DEBUG: 响应状态码: 401 [base_request.py:16]
2025-08-05 16:14:13,073 charge_api.requests DEBUG: 响应头: {'Server': 'nginx', 'Date': 'Tue, 05 Aug 2025 08:14:13 GMT', 'Content-Type': 'application/json', 'Transfer-Encoding': 'chunked', 'Connection': 'keep-alive', 'Keep-Alive': 'timeout=60', 'Vary': 'Cookie'} [base_request.py:17]
2025-08-05 16:14:13,073 charge_api.requests DEBUG: 响应内容长度: 15 [base_request.py:18]
2025-08-05 16:14:13,073 charge_api.requests DEBUG: 响应内容前500字符: {"payload": {}} [base_request.py:19]
2025-08-05 16:14:13,073 charge_api.requests ERROR: 请求失败，HTTP错误: 401 Client Error: UNAUTHORIZED for url: https://www.washpayer.com/user/message/equipmentPara?logicalCode=G631085&returnUrl=https%3A%2F%2Fwww.washpayer.com%2Fuser%2Findex.html%23%2Fpages%2Fdevice%2FselectPort%3FchargeIndex%3D%26logicalCode%3DG631085&refresh=false [base_request.py:68]
2025-08-05 16:14:13,073 charge_api.requests ERROR: 认证失败！请检查你的 Cookie 是否正确或已过期。 [base_request.py:70]
2025-08-05 16:14:13,074 charge_api.main WARNING: 设备 G631085 查询失败 (使用 账户1) [main.py:31]
2025-08-05 16:14:16,075 charge_api.main INFO: 尝试使用 账户2 查询设备 G631085... [main.py:24]
2025-08-05 16:14:16,075 charge_api.requests INFO: 正在向服务器发送请求，查询设备 G631085... [base_request.py:13]
2025-08-05 16:14:16,076 urllib3.connectionpool DEBUG: Starting new HTTPS connection (1): www.washpayer.com:443 [connectionpool.py:1051]
2025-08-05 16:14:16,225 urllib3.connectionpool DEBUG: https://www.washpayer.com:443 "GET /user/message/equipmentPara?logicalCode=G631085&returnUrl=https%3A%2F%2Fwww.washpayer.com%2Fuser%2Findex.html%23%2Fpages%2Fdevice%2FselectPort%3FchargeIndex%3D%26logicalCode%3DG631085&refresh=false HTTP/11" 401 None [connectionpool.py:546]
2025-08-05 16:14:16,225 charge_api.requests DEBUG: 响应状态码: 401 [base_request.py:16]
2025-08-05 16:14:16,225 charge_api.requests DEBUG: 响应头: {'Server': 'nginx', 'Date': 'Tue, 05 Aug 2025 08:14:16 GMT', 'Content-Type': 'application/json', 'Transfer-Encoding': 'chunked', 'Connection': 'keep-alive', 'Keep-Alive': 'timeout=60', 'Vary': 'Cookie'} [base_request.py:17]
2025-08-05 16:14:16,225 charge_api.requests DEBUG: 响应内容长度: 15 [base_request.py:18]
2025-08-05 16:14:16,225 charge_api.requests DEBUG: 响应内容前500字符: {"payload": {}} [base_request.py:19]
2025-08-05 16:14:16,225 charge_api.requests ERROR: 请求失败，HTTP错误: 401 Client Error: UNAUTHORIZED for url: https://www.washpayer.com/user/message/equipmentPara?logicalCode=G631085&returnUrl=https%3A%2F%2Fwww.washpayer.com%2Fuser%2Findex.html%23%2Fpages%2Fdevice%2FselectPort%3FchargeIndex%3D%26logicalCode%3DG631085&refresh=false [base_request.py:68]
2025-08-05 16:14:16,226 charge_api.requests ERROR: 认证失败！请检查你的 Cookie 是否正确或已过期。 [base_request.py:70]
2025-08-05 16:14:16,226 charge_api.main WARNING: 设备 G631085 查询失败 (使用 账户2) [main.py:31]
2025-08-05 16:14:19,227 charge_api.main WARNING: 警告: 设备 G631085 所有账户尝试失败 [main.py:83]
2025-08-05 16:14:24,227 charge_api.main INFO: 尝试使用 账户1 查询设备 G641035... [main.py:24]
2025-08-05 16:14:24,227 charge_api.requests INFO: 正在向服务器发送请求，查询设备 G641035... [base_request.py:13]
2025-08-05 16:14:24,228 urllib3.connectionpool DEBUG: Starting new HTTPS connection (1): www.washpayer.com:443 [connectionpool.py:1051]
2025-08-05 16:14:24,396 urllib3.connectionpool DEBUG: https://www.washpayer.com:443 "GET /user/message/equipmentPara?logicalCode=G641035&returnUrl=https%3A%2F%2Fwww.washpayer.com%2Fuser%2Findex.html%23%2Fpages%2Fdevice%2FselectPort%3FchargeIndex%3D%26logicalCode%3DG641035&refresh=false HTTP/11" 401 None [connectionpool.py:546]
2025-08-05 16:14:24,397 charge_api.requests DEBUG: 响应状态码: 401 [base_request.py:16]
2025-08-05 16:14:24,397 charge_api.requests DEBUG: 响应头: {'Server': 'nginx', 'Date': 'Tue, 05 Aug 2025 08:14:24 GMT', 'Content-Type': 'application/json', 'Transfer-Encoding': 'chunked', 'Connection': 'keep-alive', 'Keep-Alive': 'timeout=60', 'Vary': 'Cookie'} [base_request.py:17]
2025-08-05 16:14:24,397 charge_api.requests DEBUG: 响应内容长度: 15 [base_request.py:18]
2025-08-05 16:14:24,397 charge_api.requests DEBUG: 响应内容前500字符: {"payload": {}} [base_request.py:19]
2025-08-05 16:14:24,397 charge_api.requests ERROR: 请求失败，HTTP错误: 401 Client Error: UNAUTHORIZED for url: https://www.washpayer.com/user/message/equipmentPara?logicalCode=G641035&returnUrl=https%3A%2F%2Fwww.washpayer.com%2Fuser%2Findex.html%23%2Fpages%2Fdevice%2FselectPort%3FchargeIndex%3D%26logicalCode%3DG641035&refresh=false [base_request.py:68]
2025-08-05 16:14:24,397 charge_api.requests ERROR: 认证失败！请检查你的 Cookie 是否正确或已过期。 [base_request.py:70]
2025-08-05 16:14:24,398 charge_api.main WARNING: 设备 G641035 查询失败 (使用 账户1) [main.py:31]
2025-08-05 16:14:27,399 charge_api.main INFO: 尝试使用 账户2 查询设备 G641035... [main.py:24]
2025-08-05 16:14:27,399 charge_api.requests INFO: 正在向服务器发送请求，查询设备 G641035... [base_request.py:13]
2025-08-05 16:14:27,400 urllib3.connectionpool DEBUG: Starting new HTTPS connection (1): www.washpayer.com:443 [connectionpool.py:1051]
2025-08-05 16:14:27,557 urllib3.connectionpool DEBUG: https://www.washpayer.com:443 "GET /user/message/equipmentPara?logicalCode=G641035&returnUrl=https%3A%2F%2Fwww.washpayer.com%2Fuser%2Findex.html%23%2Fpages%2Fdevice%2FselectPort%3FchargeIndex%3D%26logicalCode%3DG641035&refresh=false HTTP/11" 401 None [connectionpool.py:546]
2025-08-05 16:14:27,557 charge_api.requests DEBUG: 响应状态码: 401 [base_request.py:16]
2025-08-05 16:14:27,557 charge_api.requests DEBUG: 响应头: {'Server': 'nginx', 'Date': 'Tue, 05 Aug 2025 08:14:27 GMT', 'Content-Type': 'application/json', 'Transfer-Encoding': 'chunked', 'Connection': 'keep-alive', 'Keep-Alive': 'timeout=60', 'Vary': 'Cookie'} [base_request.py:17]
2025-08-05 16:14:27,557 charge_api.requests DEBUG: 响应内容长度: 15 [base_request.py:18]
2025-08-05 16:14:27,557 charge_api.requests DEBUG: 响应内容前500字符: {"payload": {}} [base_request.py:19]
2025-08-05 16:14:27,558 charge_api.requests ERROR: 请求失败，HTTP错误: 401 Client Error: UNAUTHORIZED for url: https://www.washpayer.com/user/message/equipmentPara?logicalCode=G641035&returnUrl=https%3A%2F%2Fwww.washpayer.com%2Fuser%2Findex.html%23%2Fpages%2Fdevice%2FselectPort%3FchargeIndex%3D%26logicalCode%3DG641035&refresh=false [base_request.py:68]
2025-08-05 16:14:27,558 charge_api.requests ERROR: 认证失败！请检查你的 Cookie 是否正确或已过期。 [base_request.py:70]
2025-08-05 16:14:27,558 charge_api.main WARNING: 设备 G641035 查询失败 (使用 账户2) [main.py:31]
2025-08-05 16:14:30,559 charge_api.main WARNING: 警告: 设备 G641035 所有账户尝试失败 [main.py:83]
2025-08-05 16:14:35,560 charge_api.main INFO: 尝试使用 账户1 查询设备 G641014... [main.py:24]
2025-08-05 16:14:35,560 charge_api.requests INFO: 正在向服务器发送请求，查询设备 G641014... [base_request.py:13]
2025-08-05 16:14:35,561 urllib3.connectionpool DEBUG: Starting new HTTPS connection (1): www.washpayer.com:443 [connectionpool.py:1051]
2025-08-05 16:14:35,741 urllib3.connectionpool DEBUG: https://www.washpayer.com:443 "GET /user/message/equipmentPara?logicalCode=G641014&returnUrl=https%3A%2F%2Fwww.washpayer.com%2Fuser%2Findex.html%23%2Fpages%2Fdevice%2FselectPort%3FchargeIndex%3D%26logicalCode%3DG641014&refresh=false HTTP/11" 401 None [connectionpool.py:546]
2025-08-05 16:14:35,742 charge_api.requests DEBUG: 响应状态码: 401 [base_request.py:16]
2025-08-05 16:14:35,742 charge_api.requests DEBUG: 响应头: {'Server': 'nginx', 'Date': 'Tue, 05 Aug 2025 08:14:35 GMT', 'Content-Type': 'application/json', 'Transfer-Encoding': 'chunked', 'Connection': 'keep-alive', 'Keep-Alive': 'timeout=60', 'Vary': 'Cookie'} [base_request.py:17]
2025-08-05 16:14:35,742 charge_api.requests DEBUG: 响应内容长度: 15 [base_request.py:18]
2025-08-05 16:14:35,742 charge_api.requests DEBUG: 响应内容前500字符: {"payload": {}} [base_request.py:19]
2025-08-05 16:14:35,742 charge_api.requests ERROR: 请求失败，HTTP错误: 401 Client Error: UNAUTHORIZED for url: https://www.washpayer.com/user/message/equipmentPara?logicalCode=G641014&returnUrl=https%3A%2F%2Fwww.washpayer.com%2Fuser%2Findex.html%23%2Fpages%2Fdevice%2FselectPort%3FchargeIndex%3D%26logicalCode%3DG641014&refresh=false [base_request.py:68]
2025-08-05 16:14:35,742 charge_api.requests ERROR: 认证失败！请检查你的 Cookie 是否正确或已过期。 [base_request.py:70]
2025-08-05 16:14:35,743 charge_api.main WARNING: 设备 G641014 查询失败 (使用 账户1) [main.py:31]
