2025-07-24 09:00:17,688 charge_api.flask INFO: 开始获取设备状态 [app.py:75]
2025-07-24 09:00:17,688 charge_api.flask INFO: 正在查询设备: G631085 [app.py:80]
2025-07-24 09:00:17,688 charge_api.main INFO: 开始查询设备 G631085 [main.py:49]
2025-07-24 09:00:17,688 charge_api.requests INFO: 正在向服务器发送请求，查询设备 G631085... [base_request.py:13]
2025-07-24 09:00:17,915 charge_api.requests INFO: 请求成功！状态码: 200 [base_request.py:22]
2025-07-24 09:00:17,915 charge_api.requests INFO: 充电桩 (G631085) 端口状态查询成功 [base_request.py:54]
2025-07-24 09:00:17,916 charge_api.main INFO: 设备 G631085 查询成功 (账户: 账户2) [main.py:68]
2025-07-24 09:00:17,916 charge_api.flask INFO: 设备 G631085 查询成功，获得 10 个端口数据 [app.py:86]
2025-07-24 09:00:19,002 charge_api.flask INFO: 正在查询设备: G641035 [app.py:80]
2025-07-24 09:00:19,002 charge_api.main INFO: 开始查询设备 G641035 [main.py:49]
2025-07-24 09:00:19,002 charge_api.requests INFO: 正在向服务器发送请求，查询设备 G641035... [base_request.py:13]
2025-07-24 09:00:19,242 charge_api.requests INFO: 请求成功！状态码: 200 [base_request.py:22]
2025-07-24 09:00:19,242 charge_api.requests INFO: 充电桩 (G641035) 端口状态查询成功 [base_request.py:54]
2025-07-24 09:00:19,243 charge_api.main INFO: 设备 G641035 查询成功 (账户: 账户2) [main.py:68]
2025-07-24 09:00:19,243 charge_api.flask INFO: 设备 G641035 查询成功，获得 10 个端口数据 [app.py:86]
2025-07-24 09:00:20,335 charge_api.flask INFO: 状态查询完成，共获得 20 条数据 [app.py:101]
2025-07-24 09:00:47,549 charge_api.flask INFO: 开始获取设备状态 [app.py:75]
2025-07-24 09:00:47,549 charge_api.flask INFO: 正在查询设备: G631085 [app.py:80]
2025-07-24 09:00:47,549 charge_api.main INFO: 开始查询设备 G631085 [main.py:49]
2025-07-24 09:00:47,550 charge_api.requests INFO: 正在向服务器发送请求，查询设备 G631085... [base_request.py:13]
2025-07-24 09:00:47,754 charge_api.requests INFO: 请求成功！状态码: 200 [base_request.py:22]
2025-07-24 09:00:47,754 charge_api.requests INFO: 充电桩 (G631085) 端口状态查询成功 [base_request.py:54]
2025-07-24 09:00:47,754 charge_api.main INFO: 设备 G631085 查询成功 (账户: 账户2) [main.py:68]
2025-07-24 09:00:47,755 charge_api.flask INFO: 设备 G631085 查询成功，获得 10 个端口数据 [app.py:86]
2025-07-24 09:00:48,833 charge_api.flask INFO: 正在查询设备: G641035 [app.py:80]
2025-07-24 09:00:48,833 charge_api.main INFO: 开始查询设备 G641035 [main.py:49]
2025-07-24 09:00:48,833 charge_api.requests INFO: 正在向服务器发送请求，查询设备 G641035... [base_request.py:13]
2025-07-24 09:00:49,027 charge_api.requests INFO: 请求成功！状态码: 200 [base_request.py:22]
2025-07-24 09:00:49,027 charge_api.requests INFO: 充电桩 (G641035) 端口状态查询成功 [base_request.py:54]
2025-07-24 09:00:49,028 charge_api.main INFO: 设备 G641035 查询成功 (账户: 账户2) [main.py:68]
2025-07-24 09:00:49,028 charge_api.flask INFO: 设备 G641035 查询成功，获得 10 个端口数据 [app.py:86]
2025-07-24 09:00:50,109 charge_api.flask INFO: 状态查询完成，共获得 20 条数据 [app.py:101]
